[2021-11-21T16:15:19,802][INFO ][o.e.n.Node               ] [DESKTOP-DMIHS81] version[7.15.2], pid[13268], build[default/zip/93d5a7f6192e8a1a12e154a2b81bf6fa7309da0c/2021-11-04T14:04:42.515624022Z], OS[Windows 10/10.0/amd64], JVM[Eclipse Adoptium/OpenJDK 64-Bit Server VM/17.0.1/17.0.1+12]
[2021-11-21T16:15:19,802][INFO ][o.e.n.Node               ] [DESKTOP-DMIHS81] JVM home [E:\Facultate\An3-Sem1\Proiect cercetare\ResearchProject\researchProject\Data\ElasticSearch\elasticsearch-7.15.2\jdk], using bundled JDK [true]
[2021-11-21T16:15:19,802][INFO ][o.e.n.Node               ] [DESKTOP-DMIHS81] JVM arguments [-Des.networkaddress.cache.ttl=60, -Des.networkaddress.cache.negative.ttl=10, -XX:+AlwaysPreTouch, -Xss1m, -Djava.awt.headless=true, -Dfile.encoding=UTF-8, -Djna.nosys=true, -XX:-OmitStackTraceInFastThrow, -XX:+ShowCodeDetailsInExceptionMessages, -Dio.netty.noUnsafe=true, -Dio.netty.noKeySetOptimization=true, -Dio.netty.recycler.maxCapacityPerThread=0, -Dio.netty.allocator.numDirectArenas=0, -Dlog4j.shutdownHookEnabled=false, -Dlog4j2.disable.jmx=true, -Djava.locale.providers=SPI,COMPAT, --add-opens=java.base/java.io=ALL-UNNAMED, -XX:+UseG1GC, -Djava.io.tmpdir=C:\Users\ANDREI~1\AppData\Local\Temp\elasticsearch, -XX:+HeapDumpOnOutOfMemoryError, -XX:HeapDumpPath=data, -XX:ErrorFile=logs/hs_err_pid%p.log, -Xlog:gc*,gc+age=trace,safepoint:file=logs/gc.log:utctime,pid,tags:filecount=32,filesize=64m, -Xms8127m, -Xmx8127m, -XX:MaxDirectMemorySize=4261412864, -XX:G1HeapRegionSize=4m, -XX:InitiatingHeapOccupancyPercent=30, -XX:G1ReservePercent=15, -Delasticsearch, -Des.path.home=E:\Facultate\An3-Sem1\Proiect cercetare\ResearchProject\researchProject\Data\ElasticSearch\elasticsearch-7.15.2, -Des.path.conf=E:\Facultate\An3-Sem1\Proiect cercetare\ResearchProject\researchProject\Data\ElasticSearch\elasticsearch-7.15.2\config, -Des.distribution.flavor=default, -Des.distribution.type=zip, -Des.bundled_jdk=true]
[2021-11-21T16:15:27,087][INFO ][o.e.p.PluginsService     ] [DESKTOP-DMIHS81] loaded module [aggs-matrix-stats]
[2021-11-21T16:15:27,087][INFO ][o.e.p.PluginsService     ] [DESKTOP-DMIHS81] loaded module [analysis-common]
[2021-11-21T16:15:27,087][INFO ][o.e.p.PluginsService     ] [DESKTOP-DMIHS81] loaded module [constant-keyword]
[2021-11-21T16:15:27,087][INFO ][o.e.p.PluginsService     ] [DESKTOP-DMIHS81] loaded module [frozen-indices]
[2021-11-21T16:15:27,087][INFO ][o.e.p.PluginsService     ] [DESKTOP-DMIHS81] loaded module [ingest-common]
[2021-11-21T16:15:27,087][INFO ][o.e.p.PluginsService     ] [DESKTOP-DMIHS81] loaded module [ingest-geoip]
[2021-11-21T16:15:27,087][INFO ][o.e.p.PluginsService     ] [DESKTOP-DMIHS81] loaded module [ingest-user-agent]
[2021-11-21T16:15:27,087][INFO ][o.e.p.PluginsService     ] [DESKTOP-DMIHS81] loaded module [kibana]
[2021-11-21T16:15:27,087][INFO ][o.e.p.PluginsService     ] [DESKTOP-DMIHS81] loaded module [lang-expression]
[2021-11-21T16:15:27,087][INFO ][o.e.p.PluginsService     ] [DESKTOP-DMIHS81] loaded module [lang-mustache]
[2021-11-21T16:15:27,087][INFO ][o.e.p.PluginsService     ] [DESKTOP-DMIHS81] loaded module [lang-painless]
[2021-11-21T16:15:27,103][INFO ][o.e.p.PluginsService     ] [DESKTOP-DMIHS81] loaded module [mapper-extras]
[2021-11-21T16:15:27,103][INFO ][o.e.p.PluginsService     ] [DESKTOP-DMIHS81] loaded module [mapper-version]
[2021-11-21T16:15:27,103][INFO ][o.e.p.PluginsService     ] [DESKTOP-DMIHS81] loaded module [parent-join]
[2021-11-21T16:15:27,103][INFO ][o.e.p.PluginsService     ] [DESKTOP-DMIHS81] loaded module [percolator]
[2021-11-21T16:15:27,103][INFO ][o.e.p.PluginsService     ] [DESKTOP-DMIHS81] loaded module [rank-eval]
[2021-11-21T16:15:27,103][INFO ][o.e.p.PluginsService     ] [DESKTOP-DMIHS81] loaded module [reindex]
[2021-11-21T16:15:27,103][INFO ][o.e.p.PluginsService     ] [DESKTOP-DMIHS81] loaded module [repositories-metering-api]
[2021-11-21T16:15:27,103][INFO ][o.e.p.PluginsService     ] [DESKTOP-DMIHS81] loaded module [repository-encrypted]
[2021-11-21T16:15:27,103][INFO ][o.e.p.PluginsService     ] [DESKTOP-DMIHS81] loaded module [repository-url]
[2021-11-21T16:15:27,103][INFO ][o.e.p.PluginsService     ] [DESKTOP-DMIHS81] loaded module [runtime-fields-common]
[2021-11-21T16:15:27,103][INFO ][o.e.p.PluginsService     ] [DESKTOP-DMIHS81] loaded module [search-business-rules]
[2021-11-21T16:15:27,103][INFO ][o.e.p.PluginsService     ] [DESKTOP-DMIHS81] loaded module [searchable-snapshots]
[2021-11-21T16:15:27,103][INFO ][o.e.p.PluginsService     ] [DESKTOP-DMIHS81] loaded module [snapshot-repo-test-kit]
[2021-11-21T16:15:27,103][INFO ][o.e.p.PluginsService     ] [DESKTOP-DMIHS81] loaded module [spatial]
[2021-11-21T16:15:27,103][INFO ][o.e.p.PluginsService     ] [DESKTOP-DMIHS81] loaded module [transform]
[2021-11-21T16:15:27,103][INFO ][o.e.p.PluginsService     ] [DESKTOP-DMIHS81] loaded module [transport-netty4]
[2021-11-21T16:15:27,103][INFO ][o.e.p.PluginsService     ] [DESKTOP-DMIHS81] loaded module [unsigned-long]
[2021-11-21T16:15:27,103][INFO ][o.e.p.PluginsService     ] [DESKTOP-DMIHS81] loaded module [vector-tile]
[2021-11-21T16:15:27,103][INFO ][o.e.p.PluginsService     ] [DESKTOP-DMIHS81] loaded module [vectors]
[2021-11-21T16:15:27,103][INFO ][o.e.p.PluginsService     ] [DESKTOP-DMIHS81] loaded module [wildcard]
[2021-11-21T16:15:27,103][INFO ][o.e.p.PluginsService     ] [DESKTOP-DMIHS81] loaded module [x-pack-aggregate-metric]
[2021-11-21T16:15:27,103][INFO ][o.e.p.PluginsService     ] [DESKTOP-DMIHS81] loaded module [x-pack-analytics]
[2021-11-21T16:15:27,103][INFO ][o.e.p.PluginsService     ] [DESKTOP-DMIHS81] loaded module [x-pack-async]
[2021-11-21T16:15:27,103][INFO ][o.e.p.PluginsService     ] [DESKTOP-DMIHS81] loaded module [x-pack-async-search]
[2021-11-21T16:15:27,103][INFO ][o.e.p.PluginsService     ] [DESKTOP-DMIHS81] loaded module [x-pack-autoscaling]
[2021-11-21T16:15:27,103][INFO ][o.e.p.PluginsService     ] [DESKTOP-DMIHS81] loaded module [x-pack-ccr]
[2021-11-21T16:15:27,103][INFO ][o.e.p.PluginsService     ] [DESKTOP-DMIHS81] loaded module [x-pack-core]
[2021-11-21T16:15:27,103][INFO ][o.e.p.PluginsService     ] [DESKTOP-DMIHS81] loaded module [x-pack-data-streams]
[2021-11-21T16:15:27,103][INFO ][o.e.p.PluginsService     ] [DESKTOP-DMIHS81] loaded module [x-pack-deprecation]
[2021-11-21T16:15:27,103][INFO ][o.e.p.PluginsService     ] [DESKTOP-DMIHS81] loaded module [x-pack-enrich]
[2021-11-21T16:15:27,103][INFO ][o.e.p.PluginsService     ] [DESKTOP-DMIHS81] loaded module [x-pack-eql]
[2021-11-21T16:15:27,103][INFO ][o.e.p.PluginsService     ] [DESKTOP-DMIHS81] loaded module [x-pack-fleet]
[2021-11-21T16:15:27,103][INFO ][o.e.p.PluginsService     ] [DESKTOP-DMIHS81] loaded module [x-pack-graph]
[2021-11-21T16:15:27,103][INFO ][o.e.p.PluginsService     ] [DESKTOP-DMIHS81] loaded module [x-pack-identity-provider]
[2021-11-21T16:15:27,103][INFO ][o.e.p.PluginsService     ] [DESKTOP-DMIHS81] loaded module [x-pack-ilm]
[2021-11-21T16:15:27,103][INFO ][o.e.p.PluginsService     ] [DESKTOP-DMIHS81] loaded module [x-pack-logstash]
[2021-11-21T16:15:27,103][INFO ][o.e.p.PluginsService     ] [DESKTOP-DMIHS81] loaded module [x-pack-ml]
[2021-11-21T16:15:27,103][INFO ][o.e.p.PluginsService     ] [DESKTOP-DMIHS81] loaded module [x-pack-monitoring]
[2021-11-21T16:15:27,103][INFO ][o.e.p.PluginsService     ] [DESKTOP-DMIHS81] loaded module [x-pack-ql]
[2021-11-21T16:15:27,103][INFO ][o.e.p.PluginsService     ] [DESKTOP-DMIHS81] loaded module [x-pack-rollup]
[2021-11-21T16:15:27,103][INFO ][o.e.p.PluginsService     ] [DESKTOP-DMIHS81] loaded module [x-pack-security]
[2021-11-21T16:15:27,103][INFO ][o.e.p.PluginsService     ] [DESKTOP-DMIHS81] loaded module [x-pack-shutdown]
[2021-11-21T16:15:27,103][INFO ][o.e.p.PluginsService     ] [DESKTOP-DMIHS81] loaded module [x-pack-sql]
[2021-11-21T16:15:27,103][INFO ][o.e.p.PluginsService     ] [DESKTOP-DMIHS81] loaded module [x-pack-stack]
[2021-11-21T16:15:27,103][INFO ][o.e.p.PluginsService     ] [DESKTOP-DMIHS81] loaded module [x-pack-text-structure]
[2021-11-21T16:15:27,103][INFO ][o.e.p.PluginsService     ] [DESKTOP-DMIHS81] loaded module [x-pack-voting-only-node]
[2021-11-21T16:15:27,103][INFO ][o.e.p.PluginsService     ] [DESKTOP-DMIHS81] loaded module [x-pack-watcher]
[2021-11-21T16:15:27,103][INFO ][o.e.p.PluginsService     ] [DESKTOP-DMIHS81] no plugins loaded
[2021-11-21T16:15:27,451][INFO ][o.e.e.NodeEnvironment    ] [DESKTOP-DMIHS81] using [1] data paths, mounts [[Data (E:)]], net usable_space [35.7gb], net total_space [63.4gb], types [NTFS]
[2021-11-21T16:15:27,451][INFO ][o.e.e.NodeEnvironment    ] [DESKTOP-DMIHS81] heap size [7.9gb], compressed ordinary object pointers [true]
[2021-11-21T16:15:27,490][INFO ][o.e.n.Node               ] [DESKTOP-DMIHS81] node name [DESKTOP-DMIHS81], node ID [jb9893MaRGK7wS6poPeFsQ], cluster name [elasticsearch], roles [transform, data_frozen, master, remote_cluster_client, data, ml, data_content, data_hot, data_warm, data_cold, ingest]
[2021-11-21T16:15:31,928][INFO ][o.e.x.m.p.l.CppLogMessageHandler] [DESKTOP-DMIHS81] [controller/24892] [Main.cc@122] controller (64 bit): Version 7.15.2 (Build 65497bb5299534) Copyright (c) 2021 Elasticsearch BV
[2021-11-21T16:15:32,414][INFO ][o.e.x.s.a.s.FileRolesStore] [DESKTOP-DMIHS81] parsed [0] roles from file [E:\Facultate\An3-Sem1\Proiect cercetare\ResearchProject\researchProject\Data\ElasticSearch\elasticsearch-7.15.2\config\roles.yml]
[2021-11-21T16:15:33,385][INFO ][o.e.i.g.LocalDatabases   ] [DESKTOP-DMIHS81] initialized default databases [[GeoLite2-Country.mmdb, GeoLite2-City.mmdb, GeoLite2-ASN.mmdb]], config databases [[]] and watching [E:\Facultate\An3-Sem1\Proiect cercetare\ResearchProject\researchProject\Data\ElasticSearch\elasticsearch-7.15.2\config\ingest-geoip] for changes
[2021-11-21T16:15:33,385][INFO ][o.e.i.g.DatabaseRegistry ] [DESKTOP-DMIHS81] initialized database registry, using geoip-databases directory [C:\Users\ANDREI~1\AppData\Local\Temp\elasticsearch\geoip-databases\jb9893MaRGK7wS6poPeFsQ]
[2021-11-21T16:15:34,033][INFO ][o.e.t.NettyAllocator     ] [DESKTOP-DMIHS81] creating NettyAllocator with the following configs: [name=elasticsearch_configured, chunk_size=1mb, suggested_max_allocation_size=1mb, factors={es.unsafe.use_netty_default_chunk_and_page_size=false, g1gc_enabled=true, g1gc_region_size=4mb}]
[2021-11-21T16:15:34,087][INFO ][o.e.d.DiscoveryModule    ] [DESKTOP-DMIHS81] using discovery type [zen] and seed hosts providers [settings]
[2021-11-21T16:15:34,503][INFO ][o.e.g.DanglingIndicesState] [DESKTOP-DMIHS81] gateway.auto_import_dangling_indices is disabled, dangling indices will not be automatically detected or imported and must be managed manually
[2021-11-21T16:15:35,052][INFO ][o.e.n.Node               ] [DESKTOP-DMIHS81] initialized
[2021-11-21T16:15:35,052][INFO ][o.e.n.Node               ] [DESKTOP-DMIHS81] starting ...
[2021-11-21T16:15:35,052][INFO ][o.e.x.s.c.f.PersistentCache] [DESKTOP-DMIHS81] persistent cache index loaded
[2021-11-21T16:15:35,326][INFO ][o.e.t.TransportService   ] [DESKTOP-DMIHS81] publish_address {127.0.0.1:9300}, bound_addresses {127.0.0.1:9300}, {[::1]:9300}
[2021-11-21T16:15:35,561][WARN ][o.e.b.BootstrapChecks    ] [DESKTOP-DMIHS81] the default discovery settings are unsuitable for production use; at least one of [discovery.seed_hosts, discovery.seed_providers, cluster.initial_master_nodes] must be configured
[2021-11-21T16:15:35,575][INFO ][o.e.c.c.ClusterBootstrapService] [DESKTOP-DMIHS81] no discovery configuration found, will perform best-effort cluster bootstrapping after [3s] unless existing master is discovered
[2021-11-21T16:15:38,578][INFO ][o.e.c.c.Coordinator      ] [DESKTOP-DMIHS81] setting initial configuration to VotingConfiguration{jb9893MaRGK7wS6poPeFsQ}
[2021-11-21T16:15:38,776][INFO ][o.e.c.s.MasterService    ] [DESKTOP-DMIHS81] elected-as-master ([1] nodes joined)[{DESKTOP-DMIHS81}{jb9893MaRGK7wS6poPeFsQ}{UvVSegR3SJy-vk9lfordIA}{127.0.0.1}{127.0.0.1:9300}{cdfhilmrstw} elect leader, _BECOME_MASTER_TASK_, _FINISH_ELECTION_], term: 1, version: 1, delta: master node changed {previous [], current [{DESKTOP-DMIHS81}{jb9893MaRGK7wS6poPeFsQ}{UvVSegR3SJy-vk9lfordIA}{127.0.0.1}{127.0.0.1:9300}{cdfhilmrstw}]}
[2021-11-21T16:15:38,845][INFO ][o.e.c.c.CoordinationState] [DESKTOP-DMIHS81] cluster UUID set to [x_ONfg0nTdKsszgUgcQG6Q]
[2021-11-21T16:15:38,914][INFO ][o.e.c.s.ClusterApplierService] [DESKTOP-DMIHS81] master node changed {previous [], current [{DESKTOP-DMIHS81}{jb9893MaRGK7wS6poPeFsQ}{UvVSegR3SJy-vk9lfordIA}{127.0.0.1}{127.0.0.1:9300}{cdfhilmrstw}]}, term: 1, version: 1, reason: Publication{term=1, version=1}
[2021-11-21T16:15:39,002][INFO ][o.e.h.AbstractHttpServerTransport] [DESKTOP-DMIHS81] publish_address {127.0.0.1:9200}, bound_addresses {127.0.0.1:9200}, {[::1]:9200}
[2021-11-21T16:15:39,002][INFO ][o.e.n.Node               ] [DESKTOP-DMIHS81] started
[2021-11-21T16:15:39,078][INFO ][o.e.g.GatewayService     ] [DESKTOP-DMIHS81] recovered [0] indices into cluster_state
[2021-11-21T16:15:39,240][INFO ][o.e.c.m.MetadataIndexTemplateService] [DESKTOP-DMIHS81] adding index template [.ml-state] for index patterns [.ml-state*]
[2021-11-21T16:15:39,345][INFO ][o.e.c.m.MetadataIndexTemplateService] [DESKTOP-DMIHS81] adding index template [.ml-notifications-000002] for index patterns [.ml-notifications-000002]
[2021-11-21T16:15:39,422][INFO ][o.e.c.m.MetadataIndexTemplateService] [DESKTOP-DMIHS81] adding index template [.ml-stats] for index patterns [.ml-stats-*]
[2021-11-21T16:15:39,514][INFO ][o.e.c.m.MetadataIndexTemplateService] [DESKTOP-DMIHS81] adding index template [.ml-anomalies-] for index patterns [.ml-anomalies-*]
[2021-11-21T16:15:39,630][INFO ][o.e.c.m.MetadataIndexTemplateService] [DESKTOP-DMIHS81] adding component template [data-streams-mappings]
[2021-11-21T16:15:39,731][INFO ][o.e.c.m.MetadataIndexTemplateService] [DESKTOP-DMIHS81] adding component template [logs-mappings]
[2021-11-21T16:15:39,831][INFO ][o.e.c.m.MetadataIndexTemplateService] [DESKTOP-DMIHS81] adding component template [metrics-settings]
[2021-11-21T16:15:39,931][INFO ][o.e.c.m.MetadataIndexTemplateService] [DESKTOP-DMIHS81] adding component template [metrics-mappings]
[2021-11-21T16:15:40,072][INFO ][o.e.c.m.MetadataIndexTemplateService] [DESKTOP-DMIHS81] adding component template [synthetics-mappings]
[2021-11-21T16:15:40,162][INFO ][o.e.c.m.MetadataIndexTemplateService] [DESKTOP-DMIHS81] adding component template [synthetics-settings]
[2021-11-21T16:15:40,258][INFO ][o.e.c.m.MetadataIndexTemplateService] [DESKTOP-DMIHS81] adding component template [logs-settings]
[2021-11-21T16:15:40,366][INFO ][o.e.c.m.MetadataIndexTemplateService] [DESKTOP-DMIHS81] adding index template [.watch-history-13] for index patterns [.watcher-history-13*]
[2021-11-21T16:15:40,463][INFO ][o.e.c.m.MetadataIndexTemplateService] [DESKTOP-DMIHS81] adding index template [ilm-history] for index patterns [ilm-history-5*]
[2021-11-21T16:15:40,554][INFO ][o.e.c.m.MetadataIndexTemplateService] [DESKTOP-DMIHS81] adding index template [.slm-history] for index patterns [.slm-history-5*]
[2021-11-21T16:15:40,649][INFO ][o.e.c.m.MetadataIndexTemplateService] [DESKTOP-DMIHS81] adding component template [.deprecation-indexing-mappings]
[2021-11-21T16:15:40,741][INFO ][o.e.c.m.MetadataIndexTemplateService] [DESKTOP-DMIHS81] adding component template [.deprecation-indexing-settings]
[2021-11-21T16:15:40,834][INFO ][o.e.c.m.MetadataIndexTemplateService] [DESKTOP-DMIHS81] adding template [.monitoring-alerts-7] for index patterns [.monitoring-alerts-7]
[2021-11-21T16:15:40,945][INFO ][o.e.c.m.MetadataIndexTemplateService] [DESKTOP-DMIHS81] adding template [.monitoring-es] for index patterns [.monitoring-es-7-*]
[2021-11-21T16:15:41,040][INFO ][o.e.c.m.MetadataIndexTemplateService] [DESKTOP-DMIHS81] adding template [.monitoring-kibana] for index patterns [.monitoring-kibana-7-*]
[2021-11-21T16:15:41,295][INFO ][o.e.c.m.MetadataIndexTemplateService] [DESKTOP-DMIHS81] adding template [.monitoring-logstash] for index patterns [.monitoring-logstash-7-*]
[2021-11-21T16:15:41,484][INFO ][o.e.c.m.MetadataIndexTemplateService] [DESKTOP-DMIHS81] adding template [.monitoring-beats] for index patterns [.monitoring-beats-7-*]
[2021-11-21T16:15:41,678][INFO ][o.e.c.m.MetadataIndexTemplateService] [DESKTOP-DMIHS81] adding index template [metrics] for index patterns [metrics-*-*]
[2021-11-21T16:15:41,848][INFO ][o.e.c.m.MetadataIndexTemplateService] [DESKTOP-DMIHS81] adding index template [synthetics] for index patterns [synthetics-*-*]
[2021-11-21T16:15:42,101][INFO ][o.e.c.m.MetadataIndexTemplateService] [DESKTOP-DMIHS81] adding index template [logs] for index patterns [logs-*-*]
[2021-11-21T16:15:42,248][INFO ][o.e.c.m.MetadataIndexTemplateService] [DESKTOP-DMIHS81] adding index template [.deprecation-indexing-template] for index patterns [.logs-deprecation.*]
[2021-11-21T16:15:42,465][INFO ][o.e.x.i.a.TransportPutLifecycleAction] [DESKTOP-DMIHS81] adding index lifecycle policy [ml-size-based-ilm-policy]
[2021-11-21T16:15:42,603][INFO ][o.e.x.i.a.TransportPutLifecycleAction] [DESKTOP-DMIHS81] adding index lifecycle policy [metrics]
[2021-11-21T16:15:42,734][INFO ][o.e.x.i.a.TransportPutLifecycleAction] [DESKTOP-DMIHS81] adding index lifecycle policy [logs]
[2021-11-21T16:15:42,803][INFO ][o.e.x.i.a.TransportPutLifecycleAction] [DESKTOP-DMIHS81] adding index lifecycle policy [synthetics]
[2021-11-21T16:15:42,951][INFO ][o.e.x.i.a.TransportPutLifecycleAction] [DESKTOP-DMIHS81] adding index lifecycle policy [watch-history-ilm-policy]
[2021-11-21T16:15:43,089][INFO ][o.e.x.i.a.TransportPutLifecycleAction] [DESKTOP-DMIHS81] adding index lifecycle policy [ilm-history-ilm-policy]
[2021-11-21T16:15:43,242][INFO ][o.e.x.i.a.TransportPutLifecycleAction] [DESKTOP-DMIHS81] adding index lifecycle policy [slm-history-ilm-policy]
[2021-11-21T16:15:43,367][INFO ][o.e.x.i.a.TransportPutLifecycleAction] [DESKTOP-DMIHS81] adding index lifecycle policy [.deprecation-indexing-ilm-policy]
[2021-11-21T16:15:43,442][INFO ][o.e.x.i.a.TransportPutLifecycleAction] [DESKTOP-DMIHS81] adding index lifecycle policy [.fleet-actions-results-ilm-policy]
[2021-11-21T16:15:43,721][INFO ][o.e.i.g.GeoIpDownloader  ] [DESKTOP-DMIHS81] updating geoip databases
[2021-11-21T16:15:43,736][INFO ][o.e.i.g.GeoIpDownloader  ] [DESKTOP-DMIHS81] fetching geoip databases overview from [https://geoip.elastic.co/v1/database?elastic_geoip_service_tos=agree]
[2021-11-21T16:15:43,837][INFO ][o.e.l.LicenseService     ] [DESKTOP-DMIHS81] license [76fa5595-842e-414c-ba3b-9c4bbb41b01c] mode [basic] - valid
[2021-11-21T16:15:43,837][INFO ][o.e.x.s.s.SecurityStatusChangeListener] [DESKTOP-DMIHS81] Active license is now [BASIC]; Security is disabled
[2021-11-21T16:15:43,837][WARN ][o.e.x.s.s.SecurityStatusChangeListener] [DESKTOP-DMIHS81] Elasticsearch built-in security features are not enabled. Without authentication, your cluster could be accessible to anyone. See https://www.elastic.co/guide/en/elasticsearch/reference/7.15/security-minimal-setup.html to enable security.
[2021-11-21T16:15:44,570][INFO ][o.e.i.g.GeoIpDownloader  ] [DESKTOP-DMIHS81] updating geoip database [GeoLite2-ASN.mmdb]
[2021-11-21T16:15:45,543][INFO ][o.e.c.m.MetadataCreateIndexService] [DESKTOP-DMIHS81] [.geoip_databases] creating index, cause [auto(bulk api)], templates [], shards [1]/[0]
[2021-11-21T16:15:45,744][INFO ][o.e.c.r.a.AllocationService] [DESKTOP-DMIHS81] Cluster health status changed from [YELLOW] to [GREEN] (reason: [shards started [[.geoip_databases][0]]]).
[2021-11-21T16:15:46,630][INFO ][o.e.i.g.DatabaseRegistry ] [DESKTOP-DMIHS81] downloading geoip database [GeoLite2-ASN.mmdb] to [C:\Users\ANDREI~1\AppData\Local\Temp\elasticsearch\geoip-databases\jb9893MaRGK7wS6poPeFsQ\GeoLite2-ASN.mmdb.tmp.gz]
[2021-11-21T16:15:46,632][INFO ][o.e.i.g.GeoIpDownloader  ] [DESKTOP-DMIHS81] updated geoip database [GeoLite2-ASN.mmdb]
[2021-11-21T16:15:46,644][INFO ][o.e.i.g.GeoIpDownloader  ] [DESKTOP-DMIHS81] updating geoip database [GeoLite2-City.mmdb]
[2021-11-21T16:15:46,861][INFO ][o.e.i.g.DatabaseRegistry ] [DESKTOP-DMIHS81] successfully reloaded changed geoip database file [C:\Users\ANDREI~1\AppData\Local\Temp\elasticsearch\geoip-databases\jb9893MaRGK7wS6poPeFsQ\GeoLite2-ASN.mmdb]
[2021-11-21T16:15:49,641][INFO ][o.e.i.g.DatabaseRegistry ] [DESKTOP-DMIHS81] downloading geoip database [GeoLite2-City.mmdb] to [C:\Users\ANDREI~1\AppData\Local\Temp\elasticsearch\geoip-databases\jb9893MaRGK7wS6poPeFsQ\GeoLite2-City.mmdb.tmp.gz]
[2021-11-21T16:15:49,656][INFO ][o.e.i.g.GeoIpDownloader  ] [DESKTOP-DMIHS81] updated geoip database [GeoLite2-City.mmdb]
[2021-11-21T16:15:49,656][INFO ][o.e.i.g.GeoIpDownloader  ] [DESKTOP-DMIHS81] updating geoip database [GeoLite2-Country.mmdb]
[2021-11-21T16:15:50,173][INFO ][o.e.i.g.DatabaseRegistry ] [DESKTOP-DMIHS81] downloading geoip database [GeoLite2-Country.mmdb] to [C:\Users\ANDREI~1\AppData\Local\Temp\elasticsearch\geoip-databases\jb9893MaRGK7wS6poPeFsQ\GeoLite2-Country.mmdb.tmp.gz]
[2021-11-21T16:15:50,188][INFO ][o.e.i.g.GeoIpDownloader  ] [DESKTOP-DMIHS81] updated geoip database [GeoLite2-Country.mmdb]
[2021-11-21T16:15:50,271][INFO ][o.e.i.g.DatabaseRegistry ] [DESKTOP-DMIHS81] successfully reloaded changed geoip database file [C:\Users\ANDREI~1\AppData\Local\Temp\elasticsearch\geoip-databases\jb9893MaRGK7wS6poPeFsQ\GeoLite2-Country.mmdb]
[2021-11-21T16:15:50,542][INFO ][o.e.i.g.DatabaseRegistry ] [DESKTOP-DMIHS81] successfully reloaded changed geoip database file [C:\Users\ANDREI~1\AppData\Local\Temp\elasticsearch\geoip-databases\jb9893MaRGK7wS6poPeFsQ\GeoLite2-City.mmdb]
[2021-11-21T18:56:45,644][WARN ][o.e.t.ThreadPool         ] [DESKTOP-DMIHS81] timer thread slept for [56.3s/56367ms] on absolute clock which is above the warn threshold of [5000ms]
[2021-11-21T18:56:47,827][WARN ][o.e.t.ThreadPool         ] [DESKTOP-DMIHS81] timer thread slept for [56.3s/56376524500ns] on relative clock which is above the warn threshold of [5000ms]
